<?xml version="1.0" encoding="UTF-8"?>
<testsuite name="io.team21.piazzapanic.tests.ChefMovementTests" tests="4" skipped="0" failures="0" errors="0" timestamp="2023-03-04T16:35:15" hostname="Andrews-MacBook-Pro.local" time="0.166">
  <properties/>
  <testcase name="moveUp" classname="io.team21.piazzapanic.tests.ChefMovementTests" time="0.11"/>
  <testcase name="moveDown" classname="io.team21.piazzapanic.tests.ChefMovementTests" time="0.003"/>
  <testcase name="moveLeft" classname="io.team21.piazzapanic.tests.ChefMovementTests" time="0.003"/>
  <testcase name="moveRight" classname="io.team21.piazzapanic.tests.ChefMovementTests" time="0.002"/>
  <system-out><![CDATA[[Chef_holding_buns, Chef_holding_buns_toasted, Chef_holding_burger, Chef_holding_chopped_lettuce, Chef_holding_chopped_onion, Chef_holding_chopped_tomato, Chef_holding_complete_burger, Chef_holding_lettuce, Chef_holding_meat, Chef_holding_onion, Chef_holding_patty, Chef_holding_salad, Chef_holding_tomato, Chef_normal]
[Chef_holding_buns, Chef_holding_buns_toasted, Chef_holding_burger, Chef_holding_chopped_lettuce, Chef_holding_chopped_onion, Chef_holding_chopped_tomato, Chef_holding_complete_burger, Chef_holding_lettuce, Chef_holding_meat, Chef_holding_onion, Chef_holding_patty, Chef_holding_salad, Chef_holding_tomato, Chef_normal]
[Chef_holding_buns, Chef_holding_buns_toasted, Chef_holding_burger, Chef_holding_chopped_lettuce, Chef_holding_chopped_onion, Chef_holding_chopped_tomato, Chef_holding_complete_burger, Chef_holding_lettuce, Chef_holding_meat, Chef_holding_onion, Chef_holding_patty, Chef_holding_salad, Chef_holding_tomato, Chef_normal]
[Chef_holding_buns, Chef_holding_buns_toasted, Chef_holding_burger, Chef_holding_chopped_lettuce, Chef_holding_chopped_onion, Chef_holding_chopped_tomato, Chef_holding_complete_burger, Chef_holding_lettuce, Chef_holding_meat, Chef_holding_onion, Chef_holding_patty, Chef_holding_salad, Chef_holding_tomato, Chef_normal]
]]></system-out>
  <system-err><![CDATA[]]></system-err>
</testsuite>
