<?xml version="1.0" encoding="UTF-8"?>
<testsuite name="io.team21.piazzapanic.tests.AssetTests" tests="6" skipped="0" failures="0" errors="0" timestamp="2023-05-02T13:30:39" hostname="nas-10-240-235-183.york.ac.uk" time="0.082">
  <properties/>
  <testcase name="ChefSpritesExists" classname="io.team21.piazzapanic.tests.AssetTests" time="0.003"/>
  <testcase name="KitchenMapTMXExists" classname="io.team21.piazzapanic.tests.AssetTests" time="0.001"/>
  <testcase name="ChefAtlasExists" classname="io.team21.piazzapanic.tests.AssetTests" time="0.0"/>
  <testcase name="TileSetExists" classname="io.team21.piazzapanic.tests.AssetTests" time="0.0"/>
  <testcase name="FoodAssetsExists" classname="io.team21.piazzapanic.tests.AssetTests" time="0.001"/>
  <testcase name="KitchenTileSetTSXExists" classname="io.team21.piazzapanic.tests.AssetTests" time="0.0"/>
  <system-out><![CDATA[]]></system-out>
  <system-err><![CDATA[]]></system-err>
</testsuite>
