<?xml version="1.0" encoding="UTF-8"?>
<testsuite name="io.team21.piazzapanic.tests.ChefTests" tests="7" skipped="0" failures="0" errors="0" timestamp="2023-05-01T16:22:14" hostname="nas-10-240-235-183.york.ac.uk" time="0.215">
  <properties/>
  <testcase name="moveUp" classname="io.team21.piazzapanic.tests.ChefTests" time="0.079"/>
  <testcase name="moveDown" classname="io.team21.piazzapanic.tests.ChefTests" time="0.003"/>
  <testcase name="moveLeft" classname="io.team21.piazzapanic.tests.ChefTests" time="0.003"/>
  <testcase name="moveRight" classname="io.team21.piazzapanic.tests.ChefTests" time="0.002"/>
  <testcase name="defineChefTest" classname="io.team21.piazzapanic.tests.ChefTests" time="0.004"/>
  <testcase name="chefSwitch" classname="io.team21.piazzapanic.tests.ChefTests" time="0.004"/>
  <testcase name="itemsOnStationTest" classname="io.team21.piazzapanic.tests.ChefTests" time="0.032"/>
  <system-out><![CDATA[[Chef_holding_buns, Chef_holding_buns_toasted, Chef_holding_burger, Chef_holding_chopped_lettuce, Chef_holding_chopped_onion, Chef_holding_chopped_tomato, Chef_holding_complete_burger, Chef_holding_failed, Chef_holding_lettuce, Chef_holding_meat, Chef_holding_onion, Chef_holding_patty, Chef_holding_salad, Chef_holding_tomato, Chef_normal, Chef_holding_baked_potato, Chef_holding_cheese, Chef_holding_chopped_cheese, Chef_holding_pizzadough, Chef_holding_potato]
[Chef_holding_buns, Chef_holding_buns_toasted, Chef_holding_burger, Chef_holding_chopped_lettuce, Chef_holding_chopped_onion, Chef_holding_chopped_tomato, Chef_holding_complete_burger, Chef_holding_failed, Chef_holding_lettuce, Chef_holding_meat, Chef_holding_onion, Chef_holding_patty, Chef_holding_salad, Chef_holding_tomato, Chef_normal, Chef_holding_baked_potato, Chef_holding_cheese, Chef_holding_chopped_cheese, Chef_holding_pizzadough, Chef_holding_potato]
[Chef_holding_buns, Chef_holding_buns_toasted, Chef_holding_burger, Chef_holding_chopped_lettuce, Chef_holding_chopped_onion, Chef_holding_chopped_tomato, Chef_holding_complete_burger, Chef_holding_failed, Chef_holding_lettuce, Chef_holding_meat, Chef_holding_onion, Chef_holding_patty, Chef_holding_salad, Chef_holding_tomato, Chef_normal, Chef_holding_baked_potato, Chef_holding_cheese, Chef_holding_chopped_cheese, Chef_holding_pizzadough, Chef_holding_potato]
[Chef_holding_buns, Chef_holding_buns_toasted, Chef_holding_burger, Chef_holding_chopped_lettuce, Chef_holding_chopped_onion, Chef_holding_chopped_tomato, Chef_holding_complete_burger, Chef_holding_failed, Chef_holding_lettuce, Chef_holding_meat, Chef_holding_onion, Chef_holding_patty, Chef_holding_salad, Chef_holding_tomato, Chef_normal, Chef_holding_baked_potato, Chef_holding_cheese, Chef_holding_chopped_cheese, Chef_holding_pizzadough, Chef_holding_potato]
[Chef_holding_buns, Chef_holding_buns_toasted, Chef_holding_burger, Chef_holding_chopped_lettuce, Chef_holding_chopped_onion, Chef_holding_chopped_tomato, Chef_holding_complete_burger, Chef_holding_failed, Chef_holding_lettuce, Chef_holding_meat, Chef_holding_onion, Chef_holding_patty, Chef_holding_salad, Chef_holding_tomato, Chef_normal, Chef_holding_baked_potato, Chef_holding_cheese, Chef_holding_chopped_cheese, Chef_holding_pizzadough, Chef_holding_potato]
[Chef_holding_buns, Chef_holding_buns_toasted, Chef_holding_burger, Chef_holding_chopped_lettuce, Chef_holding_chopped_onion, Chef_holding_chopped_tomato, Chef_holding_complete_burger, Chef_holding_failed, Chef_holding_lettuce, Chef_holding_meat, Chef_holding_onion, Chef_holding_patty, Chef_holding_salad, Chef_holding_tomato, Chef_normal, Chef_holding_baked_potato, Chef_holding_cheese, Chef_holding_chopped_cheese, Chef_holding_pizzadough, Chef_holding_potato]
[Chef_holding_buns, Chef_holding_buns_toasted, Chef_holding_burger, Chef_holding_chopped_lettuce, Chef_holding_chopped_onion, Chef_holding_chopped_tomato, Chef_holding_complete_burger, Chef_holding_failed, Chef_holding_lettuce, Chef_holding_meat, Chef_holding_onion, Chef_holding_patty, Chef_holding_salad, Chef_holding_tomato, Chef_normal, Chef_holding_baked_potato, Chef_holding_cheese, Chef_holding_chopped_cheese, Chef_holding_pizzadough, Chef_holding_potato]
[Chef_holding_buns, Chef_holding_buns_toasted, Chef_holding_burger, Chef_holding_chopped_lettuce, Chef_holding_chopped_onion, Chef_holding_chopped_tomato, Chef_holding_complete_burger, Chef_holding_failed, Chef_holding_lettuce, Chef_holding_meat, Chef_holding_onion, Chef_holding_patty, Chef_holding_salad, Chef_holding_tomato, Chef_normal, Chef_holding_baked_potato, Chef_holding_cheese, Chef_holding_chopped_cheese, Chef_holding_pizzadough, Chef_holding_potato]
]]></system-out>
  <system-err><![CDATA[]]></system-err>
</testsuite>
