<?xml version="1.0" encoding="UTF-8"?>
<testsuite name="io.team21.piazzapanic.tests.StationTests" tests="9" skipped="0" failures="0" errors="0" timestamp="2023-05-02T13:30:39" hostname="nas-10-240-235-183.york.ac.uk" time="0.133">
  <properties/>
  <testcase name="onionDispense" classname="io.team21.piazzapanic.tests.StationTests" time="0.001"/>
  <testcase name="tomatoDispense" classname="io.team21.piazzapanic.tests.StationTests" time="0.001"/>
  <testcase name="lettuceDispense" classname="io.team21.piazzapanic.tests.StationTests" time="0.001"/>
  <testcase name="steakDispense" classname="io.team21.piazzapanic.tests.StationTests" time="0.002"/>
  <testcase name="potatoDispense" classname="io.team21.piazzapanic.tests.StationTests" time="0.002"/>
  <testcase name="pizzaDoughDispense" classname="io.team21.piazzapanic.tests.StationTests" time="0.001"/>
  <testcase name="pizzaSauceDispense" classname="io.team21.piazzapanic.tests.StationTests" time="0.001"/>
  <testcase name="cheeseDispense" classname="io.team21.piazzapanic.tests.StationTests" time="0.001"/>
  <testcase name="bunDispense" classname="io.team21.piazzapanic.tests.StationTests" time="0.001"/>
  <system-out><![CDATA[]]></system-out>
  <system-err><![CDATA[]]></system-err>
</testsuite>
