<?xml version="1.0" encoding="UTF-8"?>
<testsuite name="io.team21.piazzapanic.tests.AssetTests" tests="20" skipped="0" failures="0" errors="0" timestamp="2023-03-03T11:15:35" hostname="nas-10-240-232-45.york.ac.uk" time="0.316">
  <properties/>
  <testcase name="ChefNormalPatyExists" classname="io.team21.piazzapanic.tests.AssetTests" time="0.003"/>
  <testcase name="ChefNormalBunExists" classname="io.team21.piazzapanic.tests.AssetTests" time="0.0"/>
  <testcase name="ChefIdentifierExists" classname="io.team21.piazzapanic.tests.AssetTests" time="0.0"/>
  <testcase name="ChefNormalExists" classname="io.team21.piazzapanic.tests.AssetTests" time="0.001"/>
  <testcase name="ChefPreppedLettuceExists" classname="io.team21.piazzapanic.tests.AssetTests" time="0.0"/>
  <testcase name="ChefNormalLettuceExists" classname="io.team21.piazzapanic.tests.AssetTests" time="0.0"/>
  <testcase name="StartImageExists" classname="io.team21.piazzapanic.tests.AssetTests" time="0.001"/>
  <testcase name="KitchenMapTMXExists" classname="io.team21.piazzapanic.tests.AssetTests" time="0.0"/>
  <testcase name="ChefPreppedTomatoExists" classname="io.team21.piazzapanic.tests.AssetTests" time="0.0"/>
  <testcase name="ChefNormalOnionExists" classname="io.team21.piazzapanic.tests.AssetTests" time="0.001"/>
  <testcase name="TileSetExists" classname="io.team21.piazzapanic.tests.AssetTests" time="0.001"/>
  <testcase name="FoodAssetsExists" classname="io.team21.piazzapanic.tests.AssetTests" time="0.002"/>
  <testcase name="KitchenTileSetTSXExists" classname="io.team21.piazzapanic.tests.AssetTests" time="0.0"/>
  <testcase name="ChefBurgerExists" classname="io.team21.piazzapanic.tests.AssetTests" time="0.0"/>
  <testcase name="ChefNormalTomatoExists" classname="io.team21.piazzapanic.tests.AssetTests" time="0.001"/>
  <testcase name="ChefNormalMeatExists" classname="io.team21.piazzapanic.tests.AssetTests" time="0.0"/>
  <testcase name="ChefPreppedOnionExists" classname="io.team21.piazzapanic.tests.AssetTests" time="0.0"/>
  <testcase name="ChefPreppedBunExists" classname="io.team21.piazzapanic.tests.AssetTests" time="0.0"/>
  <testcase name="ChefSaladExists" classname="io.team21.piazzapanic.tests.AssetTests" time="0.0"/>
  <testcase name="ChefPreppedPatyExists" classname="io.team21.piazzapanic.tests.AssetTests" time="0.0"/>
  <system-out><![CDATA[]]></system-out>
  <system-err><![CDATA[]]></system-err>
</testsuite>
