<?xml version="1.0" encoding="UTF-8"?>
<testsuite name="io.team21.piazzapanic.tests.ChefTests" tests="6" skipped="0" failures="0" errors="0" timestamp="2023-04-27T20:48:49" hostname="nas-10-240-149-208.york.ac.uk" time="0.355">
  <properties/>
  <testcase name="moveUp" classname="io.team21.piazzapanic.tests.ChefTests" time="0.177"/>
  <testcase name="moveDown" classname="io.team21.piazzapanic.tests.ChefTests" time="0.009"/>
  <testcase name="moveLeft" classname="io.team21.piazzapanic.tests.ChefTests" time="0.007"/>
  <testcase name="moveRight" classname="io.team21.piazzapanic.tests.ChefTests" time="0.007"/>
  <testcase name="defineChefTest" classname="io.team21.piazzapanic.tests.ChefTests" time="0.006"/>
  <testcase name="itemsOnStationTest" classname="io.team21.piazzapanic.tests.ChefTests" time="0.091"/>
  <system-out><![CDATA[[Chef_holding_buns, Chef_holding_buns_toasted, Chef_holding_burger, Chef_holding_chopped_lettuce, Chef_holding_chopped_onion, Chef_holding_chopped_tomato, Chef_holding_complete_burger, Chef_holding_lettuce, Chef_holding_meat, Chef_holding_onion, Chef_holding_patty, Chef_holding_salad, Chef_holding_tomato, Chef_normal, Chef_holding_baked_potato, Chef_holding_cheese, Chef_holding_chopped_cheese, Chef_holding_pizzadough, Chef_holding_potato]
[Chef_holding_buns, Chef_holding_buns_toasted, Chef_holding_burger, Chef_holding_chopped_lettuce, Chef_holding_chopped_onion, Chef_holding_chopped_tomato, Chef_holding_complete_burger, Chef_holding_lettuce, Chef_holding_meat, Chef_holding_onion, Chef_holding_patty, Chef_holding_salad, Chef_holding_tomato, Chef_normal, Chef_holding_baked_potato, Chef_holding_cheese, Chef_holding_chopped_cheese, Chef_holding_pizzadough, Chef_holding_potato]
[Chef_holding_buns, Chef_holding_buns_toasted, Chef_holding_burger, Chef_holding_chopped_lettuce, Chef_holding_chopped_onion, Chef_holding_chopped_tomato, Chef_holding_complete_burger, Chef_holding_lettuce, Chef_holding_meat, Chef_holding_onion, Chef_holding_patty, Chef_holding_salad, Chef_holding_tomato, Chef_normal, Chef_holding_baked_potato, Chef_holding_cheese, Chef_holding_chopped_cheese, Chef_holding_pizzadough, Chef_holding_potato]
[Chef_holding_buns, Chef_holding_buns_toasted, Chef_holding_burger, Chef_holding_chopped_lettuce, Chef_holding_chopped_onion, Chef_holding_chopped_tomato, Chef_holding_complete_burger, Chef_holding_lettuce, Chef_holding_meat, Chef_holding_onion, Chef_holding_patty, Chef_holding_salad, Chef_holding_tomato, Chef_normal, Chef_holding_baked_potato, Chef_holding_cheese, Chef_holding_chopped_cheese, Chef_holding_pizzadough, Chef_holding_potato]
[Chef_holding_buns, Chef_holding_buns_toasted, Chef_holding_burger, Chef_holding_chopped_lettuce, Chef_holding_chopped_onion, Chef_holding_chopped_tomato, Chef_holding_complete_burger, Chef_holding_lettuce, Chef_holding_meat, Chef_holding_onion, Chef_holding_patty, Chef_holding_salad, Chef_holding_tomato, Chef_normal, Chef_holding_baked_potato, Chef_holding_cheese, Chef_holding_chopped_cheese, Chef_holding_pizzadough, Chef_holding_potato]
[Chef_holding_buns, Chef_holding_buns_toasted, Chef_holding_burger, Chef_holding_chopped_lettuce, Chef_holding_chopped_onion, Chef_holding_chopped_tomato, Chef_holding_complete_burger, Chef_holding_lettuce, Chef_holding_meat, Chef_holding_onion, Chef_holding_patty, Chef_holding_salad, Chef_holding_tomato, Chef_normal, Chef_holding_baked_potato, Chef_holding_cheese, Chef_holding_chopped_cheese, Chef_holding_pizzadough, Chef_holding_potato]
]]></system-out>
  <system-err><![CDATA[]]></system-err>
</testsuite>
