<?xml version="1.0" encoding="UTF-8"?>
<testsuite name="io.team21.piazzapanic.tests.AssetTests" tests="7" skipped="0" failures="0" errors="0" timestamp="2023-03-23T14:10:34" hostname="PORTHOLE" time="0.099">
  <properties/>
  <testcase name="ChefSpritesExists" classname="io.team21.piazzapanic.tests.AssetTests" time="0.011"/>
  <testcase name="StartImageExists" classname="io.team21.piazzapanic.tests.AssetTests" time="0.002"/>
  <testcase name="KitchenMapTMXExists" classname="io.team21.piazzapanic.tests.AssetTests" time="0.002"/>
  <testcase name="ChefAtlasExists" classname="io.team21.piazzapanic.tests.AssetTests" time="0.002"/>
  <testcase name="TileSetExists" classname="io.team21.piazzapanic.tests.AssetTests" time="0.001"/>
  <testcase name="FoodAssetsExists" classname="io.team21.piazzapanic.tests.AssetTests" time="0.008"/>
  <testcase name="KitchenTileSetTSXExists" classname="io.team21.piazzapanic.tests.AssetTests" time="0.001"/>
  <system-out><![CDATA[]]></system-out>
  <system-err><![CDATA[]]></system-err>
</testsuite>
